<?xml version="1.0" encoding="UTF-8"?>
<!-- Generated by org.testng.reporters.JUnitReportReporter -->
<testsuite hostname="PiyushaPratik" failures="0" tests="2" name="testRunner.TestRunner" time="11.086" errors="1" timestamp="2025-04-04T17:35:11 IST" skipped="0">
  <testcase classname="testRunner.TestRunner" name="runScenario" time="11.041"/>
  <testcase classname="testRunner.TestRunner" name="runScenario" time="0.045">
    <error message="Cannot invoke &quot;org.openqa.selenium.WebDriver.manage()&quot; because &quot;stepDefinition.LoginStepDefinition.driver&quot; is null" type="java.lang.NullPointerException">
      <![CDATA[java.lang.NullPointerException: Cannot invoke "org.openqa.selenium.WebDriver.manage()" because "stepDefinition.LoginStepDefinition.driver" is null
at stepDefinition.LoginStepDefinition.setup(LoginStepDefinition.java:33)
]]>
    </error>
  </testcase> <!-- runScenario -->
</testsuite> <!-- testRunner.TestRunner -->
